2014-08-01 17:06:11,596 - org.apache.http.impl.client.DefaultHttpClient - INFO - I/O exception (java.net.SocketException) caught when processing request: Software caused connection abort: recv failed
2014-08-01 17:06:11,597 - org.apache.http.impl.client.DefaultHttpClient - INFO - Retrying request
2014-08-01 17:06:12,818 - Test.CreateTopic - INFO - _______Username entered successfully_______
2014-08-01 17:06:13,021 - Test.CreateTopic - INFO - _______Password entered successfully_______
2014-08-01 17:06:13,207 - Test.CreateTopic - INFO - _______LogOn button clicked on successfully_______
2014-08-01 17:13:14,653 - org.apache.http.impl.client.DefaultHttpClient - INFO - I/O exception (java.net.SocketException) caught when processing request: Software caused connection abort: recv failed
2014-08-01 17:13:14,654 - org.apache.http.impl.client.DefaultHttpClient - INFO - Retrying request
2014-08-01 17:13:22,967 - org.apache.http.impl.client.DefaultHttpClient - INFO - I/O exception (java.net.SocketException) caught when processing request: Software caused connection abort: recv failed
2014-08-01 17:13:22,968 - org.apache.http.impl.client.DefaultHttpClient - INFO - Retrying request
2014-08-01 17:14:12,606 - org.apache.http.impl.client.DefaultHttpClient - INFO - I/O exception (java.net.SocketException) caught when processing request: Software caused connection abort: recv failed
2014-08-01 17:14:12,607 - org.apache.http.impl.client.DefaultHttpClient - INFO - Retrying request
2014-08-01 17:14:16,901 - org.apache.http.impl.client.DefaultHttpClient - INFO - I/O exception (java.net.SocketException) caught when processing request: Software caused connection abort: recv failed
2014-08-01 17:14:16,901 - org.apache.http.impl.client.DefaultHttpClient - INFO - Retrying request
2014-08-01 17:21:12,743 - org.apache.http.impl.client.DefaultHttpClient - INFO - I/O exception (java.net.SocketException) caught when processing request: Software caused connection abort: recv failed
2014-08-01 17:21:12,745 - org.apache.http.impl.client.DefaultHttpClient - INFO - Retrying request
2014-08-01 17:21:14,145 - Test.ManageTopic - INFO - _______Username entered successfully_______
2014-08-01 17:21:14,353 - Test.ManageTopic - INFO - _______Password entered successfully_______
2014-08-01 17:21:14,565 - Test.ManageTopic - INFO - _______LogOn button clicked on successfully_______
2014-08-01 17:21:22,812 - Test.ManageTopic - INFO - _______Clicked on existing Library for updating Topic_______
2014-08-01 17:21:30,024 - Test.ManageTopic - INFO - _______Edit icon clicked on successfully_______
2014-08-01 17:21:40,277 - Test.ManageTopic - INFO - _______'Manage Topics' icon clicked on successfully_______
2014-08-01 17:21:47,159 - Test.ManageTopic - INFO - _______'Add More Details' button clicked on successfully_______
2014-08-01 17:22:07,448 - Test.ManageTopic - INFO - _______Edit Topic page fails to navigate_______
2014-08-01 17:22:11,858 - org.apache.http.impl.client.DefaultHttpClient - INFO - I/O exception (java.net.SocketException) caught when processing request: Software caused connection abort: recv failed
2014-08-01 17:22:11,859 - org.apache.http.impl.client.DefaultHttpClient - INFO - Retrying request
2014-08-01 17:22:12,704 - Test.CreateTopic - INFO - _______Username entered successfully_______
2014-08-01 17:22:12,903 - Test.CreateTopic - INFO - _______Password entered successfully_______
2014-08-01 17:22:13,102 - Test.CreateTopic - INFO - _______LogOn button clicked on successfully_______
2014-08-01 17:22:20,946 - Test.CreateTopic - INFO - _______Clicked on existing Library for updating Topic_______
2014-08-01 17:22:29,118 - Test.CreateTopic - INFO - _______Edit icon clicked on successfully_______
2014-08-01 17:22:39,370 - Test.CreateTopic - INFO - _______'Manage Topics' icon clicked on successfully_______
2014-08-01 17:22:49,991 - Test.CreateTopic - INFO - _______Title updated for New Topic_______
2014-08-01 17:22:50,315 - Test.CreateTopic - INFO - _______'Generic' type option selected from dropdown options_______
2014-08-01 17:23:01,077 - Test.CreateTopic - INFO - _______Short Description updated for New Topic_______
2014-08-01 17:23:07,150 - Test.CreateTopic - INFO - _______'Save Info' button clicked on successfully_______
2014-08-01 17:31:40,844 - org.apache.http.impl.client.DefaultHttpClient - INFO - I/O exception (java.net.SocketException) caught when processing request: Software caused connection abort: recv failed
2014-08-01 17:31:40,846 - org.apache.http.impl.client.DefaultHttpClient - INFO - Retrying request
2014-08-01 17:31:42,236 - Test.ManageTopic - INFO - _______Username entered successfully_______
2014-08-01 17:31:42,452 - Test.ManageTopic - INFO - _______Password entered successfully_______
2014-08-01 17:31:42,661 - Test.ManageTopic - INFO - _______LogOn button clicked on successfully_______
2014-08-01 17:31:48,386 - Test.ManageTopic - INFO - _______Clicked on existing Library for updating Topic_______
2014-08-01 17:31:53,675 - Test.ManageTopic - INFO - _______Edit icon clicked on successfully_______
2014-08-01 17:32:38,509 - org.apache.http.impl.client.DefaultHttpClient - INFO - I/O exception (java.net.SocketException) caught when processing request: Software caused connection abort: recv failed
2014-08-01 17:32:38,510 - org.apache.http.impl.client.DefaultHttpClient - INFO - Retrying request
2014-08-01 17:32:39,538 - Test.CreateTopic - INFO - _______Username entered successfully_______
2014-08-01 17:32:39,748 - Test.CreateTopic - INFO - _______Password entered successfully_______
2014-08-01 17:32:39,991 - Test.CreateTopic - INFO - _______LogOn button clicked on successfully_______
2014-08-01 17:32:46,379 - Test.CreateTopic - INFO - _______Clicked on existing Library for updating Topic_______
2014-08-01 17:32:56,584 - Test.CreateTopic - INFO - _______Edit icon clicked on successfully_______
2014-08-01 17:33:06,789 - Test.CreateTopic - INFO - _______'Manage Topics' icon clicked on successfully_______
2014-08-01 17:48:33,377 - org.apache.http.impl.client.DefaultHttpClient - INFO - I/O exception (java.net.SocketException) caught when processing request: Software caused connection abort: recv failed
2014-08-01 17:48:33,378 - org.apache.http.impl.client.DefaultHttpClient - INFO - Retrying request
2014-08-01 17:48:34,575 - Test.CreateTopic - INFO - _______Username entered successfully_______
2014-08-01 17:48:34,795 - Test.CreateTopic - INFO - _______Password entered successfully_______
2014-08-01 17:48:34,982 - Test.CreateTopic - INFO - _______LogOn button clicked on successfully_______
2014-08-01 17:52:29,739 - org.apache.http.impl.client.DefaultHttpClient - INFO - I/O exception (java.net.SocketException) caught when processing request: Software caused connection abort: recv failed
2014-08-01 17:52:29,741 - org.apache.http.impl.client.DefaultHttpClient - INFO - Retrying request
2014-08-01 17:52:30,957 - Test.CreateTopic - INFO - _______Username entered successfully_______
2014-08-01 17:52:31,192 - Test.CreateTopic - INFO - _______Password entered successfully_______
2014-08-01 17:52:31,369 - Test.CreateTopic - INFO - _______LogOn button clicked on successfully_______
2014-08-01 17:52:37,067 - Test.CreateTopic - INFO - _______Loggedin successfully_______
2014-08-01 17:52:37,658 - Test.CreateTopic - INFO - _______Clicked on existing Library for updating Topic_______
2014-08-01 17:52:42,890 - Test.CreateTopic - INFO - _______Edit icon clicked on successfully_______
2014-08-01 18:11:00,631 - org.apache.http.impl.client.DefaultHttpClient - INFO - I/O exception (java.net.SocketException) caught when processing request: Software caused connection abort: recv failed
2014-08-01 18:11:00,633 - org.apache.http.impl.client.DefaultHttpClient - INFO - Retrying request
2014-08-01 18:11:01,838 - Test.CreateTopic - INFO - _______Username entered successfully_______
2014-08-01 18:11:02,050 - Test.CreateTopic - INFO - _______Password entered successfully_______
2014-08-01 18:11:02,250 - Test.CreateTopic - INFO - _______LogOn button clicked on successfully_______
2014-08-01 18:11:07,395 - Test.CreateTopic - INFO - _______Loggedin successfully_______
2014-08-01 18:11:07,939 - Test.CreateTopic - INFO - _______Clicked on existing Library for updating Topic_______
2014-08-01 18:11:13,211 - Test.CreateTopic - INFO - _______Edit icon clicked on successfully_______
2014-08-01 18:13:08,097 - org.apache.http.impl.client.DefaultHttpClient - INFO - I/O exception (java.net.SocketException) caught when processing request: Software caused connection abort: recv failed
2014-08-01 18:13:08,098 - org.apache.http.impl.client.DefaultHttpClient - INFO - Retrying request
2014-08-01 18:13:09,293 - Test.CreateTopic - INFO - _______Username entered successfully_______
2014-08-01 18:13:09,506 - Test.CreateTopic - INFO - _______Password entered successfully_______
2014-08-01 18:13:09,735 - Test.CreateTopic - INFO - _______LogOn button clicked on successfully_______
2014-08-01 18:13:14,869 - Test.CreateTopic - INFO - _______Loggedin successfully_______
2014-08-01 18:13:17,012 - Test.CreateTopic - INFO - _______Clicked on existing Library for updating Topic_______
2014-08-01 18:13:24,673 - Test.CreateTopic - INFO - _______Edit icon clicked on successfully_______
2014-08-01 18:14:31,680 - org.apache.http.impl.client.DefaultHttpClient - INFO - I/O exception (java.net.SocketException) caught when processing request: Software caused connection abort: recv failed
2014-08-01 18:14:31,682 - org.apache.http.impl.client.DefaultHttpClient - INFO - Retrying request
2014-08-01 18:14:32,891 - Test.CreateTopic - INFO - _______Username entered successfully_______
2014-08-01 18:14:33,102 - Test.CreateTopic - INFO - _______Password entered successfully_______
2014-08-01 18:14:33,301 - Test.CreateTopic - INFO - _______LogOn button clicked on successfully_______
2014-08-01 18:14:38,433 - Test.CreateTopic - INFO - _______Loggedin successfully_______
2014-08-01 18:14:40,506 - Test.CreateTopic - INFO - _______Clicked on existing Library for updating Topic_______
2014-08-01 18:14:48,244 - Test.CreateTopic - INFO - _______Edit icon clicked on successfully_______
2014-08-01 18:15:00,375 - Test.CreateTopic - INFO - _______Successfully navigated to Edit Library Page_______
2014-08-01 18:15:00,570 - Test.CreateTopic - INFO - _______'Manage Topics' icon clicked on successfully_______
2014-08-01 18:16:47,502 - org.apache.http.impl.client.DefaultHttpClient - INFO - I/O exception (java.net.SocketException) caught when processing request: Software caused connection abort: recv failed
2014-08-01 18:16:47,504 - org.apache.http.impl.client.DefaultHttpClient - INFO - Retrying request
2014-08-01 18:16:48,724 - Test.CreateTopic - INFO - _______Username entered successfully_______
2014-08-01 18:16:48,922 - Test.CreateTopic - INFO - _______Password entered successfully_______
2014-08-01 18:16:49,124 - Test.CreateTopic - INFO - _______LogOn button clicked on successfully_______
2014-08-01 18:16:54,258 - Test.CreateTopic - INFO - _______Loggedin successfully_______
2014-08-01 18:16:56,177 - Test.CreateTopic - INFO - _______Clicked on existing Library for updating Topic_______
2014-08-01 18:17:03,706 - Test.CreateTopic - INFO - _______Edit icon clicked on successfully_______
2014-08-01 18:17:15,819 - Test.CreateTopic - INFO - _______Successfully navigated to Edit Library Page_______
2014-08-01 18:17:16,005 - Test.CreateTopic - INFO - _______'Manage Topics' icon clicked on successfully_______
2014-08-01 18:17:17,305 - Test.CreateTopic - INFO - _______Add new topic page Navigated sucessfully_______
2014-08-01 18:17:27,842 - Test.CreateTopic - INFO - _______Title updated for New Topic_______
2014-08-01 18:17:28,018 - Test.CreateTopic - INFO - _______'Generic' type option selected from dropdown options_______
2014-08-01 18:17:38,700 - Test.CreateTopic - INFO - _______Short Description updated for New Topic_______
2014-08-01 18:17:44,748 - Test.CreateTopic - INFO - _______'Save Info' button clicked on successfully_______
2014-08-01 18:20:31,891 - org.apache.http.impl.client.DefaultHttpClient - INFO - I/O exception (java.net.SocketException) caught when processing request: Software caused connection abort: recv failed
2014-08-01 18:20:31,894 - org.apache.http.impl.client.DefaultHttpClient - INFO - Retrying request
2014-08-01 18:20:33,315 - Test.ManageTopic - INFO - _______Username entered successfully_______
2014-08-01 18:20:33,518 - Test.ManageTopic - INFO - _______Password entered successfully_______
2014-08-01 18:20:33,706 - Test.ManageTopic - INFO - _______LogOn button clicked on successfully_______
2014-08-01 18:20:38,837 - Test.ManageTopic - INFO - _______Loggedin successfully_______
2014-08-01 18:20:40,984 - Test.ManageTopic - INFO - _______Clicked on existing Library for updating Topic_______
2014-08-01 18:20:48,872 - Test.ManageTopic - INFO - _______Edit icon clicked on successfully_______
2014-08-01 18:21:00,986 - Test.ManageTopic - INFO - _______Successfully navigated to Edit Library Page_______
2014-08-01 18:21:01,176 - Test.ManageTopic - INFO - _______'Manage Topics' icon clicked on successfully_______
2014-08-01 18:21:08,200 - Test.ManageTopic - INFO - _______'Add More Details' button clicked on successfully_______
2014-08-01 18:21:28,431 - Test.ManageTopic - INFO - _______Edit Topic page fails to navigate_______
2014-08-01 18:41:37,895 - org.apache.http.impl.client.DefaultHttpClient - INFO - I/O exception (java.net.SocketException) caught when processing request: Software caused connection abort: recv failed
2014-08-01 18:41:37,897 - org.apache.http.impl.client.DefaultHttpClient - INFO - Retrying request
2014-08-01 18:41:39,028 - Test.ManageTopic - INFO - _______Username entered successfully_______
2014-08-01 18:41:39,228 - Test.ManageTopic - INFO - _______Password entered successfully_______
2014-08-01 18:41:39,431 - Test.ManageTopic - INFO - _______LogOn button clicked on successfully_______
2014-08-01 18:41:44,569 - Test.ManageTopic - INFO - _______Loggedin successfully_______
2014-08-01 18:41:45,815 - Test.ManageTopic - INFO - _______Clicked on existing Library for updating Topic_______
2014-08-01 18:41:53,154 - Test.ManageTopic - INFO - _______Edit icon clicked on successfully_______
2014-08-01 18:42:05,263 - Test.ManageTopic - INFO - _______Successfully navigated to Edit Library Page_______
2014-08-01 18:42:05,452 - Test.ManageTopic - INFO - _______'Manage Topics' icon clicked on successfully_______
2014-08-01 18:42:12,334 - Test.ManageTopic - INFO - _______'Add More Details' button clicked on successfully_______
2014-08-01 18:42:32,588 - Test.ManageTopic - INFO - _______Edit Topic page fails to navigate_______
2014-08-01 18:42:37,181 - org.apache.http.impl.client.DefaultHttpClient - INFO - I/O exception (java.net.SocketException) caught when processing request: Software caused connection abort: recv failed
2014-08-01 18:42:37,182 - org.apache.http.impl.client.DefaultHttpClient - INFO - Retrying request
2014-08-01 18:42:37,797 - Test.CreateTopic - INFO - _______Username entered successfully_______
2014-08-01 18:42:38,003 - Test.CreateTopic - INFO - _______Password entered successfully_______
2014-08-01 18:42:38,191 - Test.CreateTopic - INFO - _______LogOn button clicked on successfully_______
2014-08-01 18:42:43,343 - Test.CreateTopic - INFO - _______Loggedin successfully_______
2014-08-01 18:42:45,712 - Test.CreateTopic - INFO - _______Clicked on existing Library for updating Topic_______
2014-08-01 18:42:53,051 - Test.CreateTopic - INFO - _______Edit icon clicked on successfully_______
2014-08-01 18:43:05,177 - Test.CreateTopic - INFO - _______Successfully navigated to Edit Library Page_______
2014-08-01 18:43:05,358 - Test.CreateTopic - INFO - _______'Manage Topics' icon clicked on successfully_______
2014-08-01 18:43:06,759 - Test.CreateTopic - INFO - _______Add new topic page Navigated sucessfully_______
2014-08-01 18:43:17,376 - Test.CreateTopic - INFO - _______Title updated for New Topic_______
2014-08-01 18:43:17,595 - Test.CreateTopic - INFO - _______'Generic' type option selected from dropdown options_______
2014-08-01 18:43:28,319 - Test.CreateTopic - INFO - _______Short Description updated for New Topic_______
2014-08-01 18:43:34,160 - Test.CreateTopic - INFO - _______'Save Info' button clicked on successfully_______
2014-08-01 18:51:47,193 - org.apache.http.impl.client.DefaultHttpClient - INFO - I/O exception (java.net.SocketException) caught when processing request: Software caused connection abort: recv failed
2014-08-01 18:51:47,194 - org.apache.http.impl.client.DefaultHttpClient - INFO - Retrying request
2014-08-01 18:51:48,697 - Test.ManageTopic - INFO - _______Username entered successfully_______
2014-08-01 18:51:48,947 - Test.ManageTopic - INFO - _______Password entered successfully_______
2014-08-01 18:51:49,166 - Test.ManageTopic - INFO - _______LogOn button clicked on successfully_______
2014-08-01 18:51:54,320 - Test.ManageTopic - INFO - _______Loggedin successfully_______
2014-08-01 18:51:56,497 - Test.ManageTopic - INFO - _______Clicked on existing Library for updating Topic_______
2014-08-01 18:52:04,097 - Test.ManageTopic - INFO - _______Edit icon clicked on successfully_______
2014-08-01 18:52:16,192 - Test.ManageTopic - INFO - _______Successfully navigated to Edit Library Page_______
2014-08-01 18:52:16,392 - Test.ManageTopic - INFO - _______'Manage Topics' icon clicked on successfully_______
2014-08-01 18:52:23,276 - Test.ManageTopic - INFO - _______'Add More Details' button clicked on successfully_______
2014-08-01 18:52:43,343 - Test.ManageTopic - INFO - _______Edit Topic page fails to navigate_______
2014-08-01 18:52:47,573 - org.apache.http.impl.client.DefaultHttpClient - INFO - I/O exception (java.net.SocketException) caught when processing request: Software caused connection abort: recv failed
2014-08-01 18:52:47,574 - org.apache.http.impl.client.DefaultHttpClient - INFO - Retrying request
2014-08-01 18:52:48,498 - Test.CreateTopic - INFO - _______Username entered successfully_______
2014-08-01 18:52:48,716 - Test.CreateTopic - INFO - _______Password entered successfully_______
2014-08-01 18:52:48,951 - Test.CreateTopic - INFO - _______LogOn button clicked on successfully_______
2014-08-01 18:52:54,148 - Test.CreateTopic - INFO - _______Loggedin successfully_______
2014-08-01 18:52:56,932 - Test.CreateTopic - INFO - _______Clicked on existing Library for updating Topic_______
2014-08-01 18:53:04,996 - Test.CreateTopic - INFO - _______Edit icon clicked on successfully_______
2014-08-01 18:53:17,144 - Test.CreateTopic - INFO - _______Successfully navigated to Edit Library Page_______
2014-08-01 18:53:17,352 - Test.CreateTopic - INFO - _______'Manage Topics' icon clicked on successfully_______
2014-08-01 18:53:18,838 - Test.CreateTopic - INFO - _______Add new topic page Navigated sucessfully_______
2014-08-01 18:53:29,396 - Test.CreateTopic - INFO - _______Title updated for New Topic_______
2014-08-01 18:53:29,618 - Test.CreateTopic - INFO - _______'Generic' type option selected from dropdown options_______
2014-08-01 18:53:40,363 - Test.CreateTopic - INFO - _______Short Description updated for New Topic_______
2014-08-01 18:53:46,049 - Test.CreateTopic - INFO - _______'Save Info' button clicked on successfully_______
2014-08-02 10:14:25,788 - org.apache.http.impl.client.DefaultHttpClient - INFO - I/O exception (java.net.SocketException) caught when processing request: Software caused connection abort: recv failed
2014-08-02 10:14:25,803 - org.apache.http.impl.client.DefaultHttpClient - INFO - Retrying request
2014-08-02 10:14:27,406 - Test.ManageTopic - INFO - _______Username entered successfully_______
2014-08-02 10:14:27,599 - Test.ManageTopic - INFO - _______Password entered successfully_______
2014-08-02 10:14:27,770 - Test.ManageTopic - INFO - _______LogOn button clicked on successfully_______
2014-08-02 10:14:32,904 - Test.ManageTopic - INFO - _______Loggedin successfully_______
2014-08-02 10:14:35,131 - Test.ManageTopic - INFO - _______Clicked on existing Library for updating Topic_______
2014-08-02 10:14:41,751 - Test.ManageTopic - INFO - _______Edit icon clicked on successfully_______
2014-08-02 10:14:53,888 - Test.ManageTopic - INFO - _______Successfully navigated to Edit Library Page_______
2014-08-02 10:14:54,087 - Test.ManageTopic - INFO - _______'Manage Topics' icon clicked on successfully_______
2014-08-02 10:15:00,964 - Test.ManageTopic - INFO - _______'Add More Details' button clicked on successfully_______
2014-08-02 10:15:21,280 - Test.ManageTopic - INFO - _______Edit Topic page fails to navigate_______
2014-08-02 10:15:25,840 - org.apache.http.impl.client.DefaultHttpClient - INFO - I/O exception (java.net.SocketException) caught when processing request: Software caused connection abort: recv failed
2014-08-02 10:15:25,841 - org.apache.http.impl.client.DefaultHttpClient - INFO - Retrying request
2014-08-02 10:15:26,410 - Test.CreateTopic - INFO - _______Username entered successfully_______
2014-08-02 10:15:26,587 - Test.CreateTopic - INFO - _______Password entered successfully_______
2014-08-02 10:15:26,798 - Test.CreateTopic - INFO - _______LogOn button clicked on successfully_______
2014-08-02 10:15:32,278 - Test.CreateTopic - INFO - _______Loggedin successfully_______
2014-08-02 10:15:36,827 - Test.CreateTopic - INFO - _______Clicked on existing Library for updating Topic_______
2014-08-02 10:15:44,104 - Test.CreateTopic - INFO - _______Edit icon clicked on successfully_______
2014-08-02 10:15:56,208 - Test.CreateTopic - INFO - _______Successfully navigated to Edit Library Page_______
2014-08-02 10:15:56,390 - Test.CreateTopic - INFO - _______'Manage Topics' icon clicked on successfully_______
2014-08-02 10:15:57,930 - Test.CreateTopic - INFO - _______Add new topic page Navigated sucessfully_______
2014-08-02 10:16:08,434 - Test.CreateTopic - INFO - _______Title updated for New Topic_______
2014-08-02 10:16:08,619 - Test.CreateTopic - INFO - _______'Generic' type option selected from dropdown options_______
2014-08-02 10:16:19,284 - Test.CreateTopic - INFO - _______Short Description updated for New Topic_______
2014-08-02 10:16:25,936 - Test.CreateTopic - INFO - _______'Save Info' button clicked on successfully_______
2014-08-02 14:04:53,729 - org.apache.http.impl.client.DefaultHttpClient - INFO - I/O exception (java.net.SocketException) caught when processing request: Software caused connection abort: recv failed
2014-08-02 14:04:53,730 - org.apache.http.impl.client.DefaultHttpClient - INFO - Retrying request
